<?xml version="1.0" encoding="UTF-8"?>
<!-- Generated by org.testng.reporters.JUnitXMLReporter -->
<testsuite hostname="DESKTOP-A5JFSKS" failures="1" tests="6" name="Test" time="0.09" errors="0" timestamp="19 Jul 2022 09:28:28 GMT">
  <testcase classname="com.listeners.TestNgListenerDemo" name="test1" time="0.022"/>
  <testcase classname="com.listeners.TestNgListenerDemo" name="test2" time="0.007">
    <failure type="java.lang.AssertionError" message="expected [true] but found [false]">
      <![CDATA[java.lang.AssertionError: expected [true] but found [false]
	at com.listeners.TestNgListenerDemo.test2(TestNgListenerDemo.java:17)
... Removed 28 stack frames]]>
    </failure>
  </testcase> <!-- test2 -->
  <testcase classname="com.listeners.TestNgListenerDemo" name="test3" time="0.003">
    <skipped/>
  </testcase> <!-- test3 -->
  <testcase classname="com.listeners.TestNgListenerDemo2" name="test4" time="0.002"/>
  <testcase classname="com.listeners.TestNgListenerDemo2" name="test5" time="0.003"/>
  <testcase classname="com.listeners.TestNgListenerDemo2" name="test6" time="0.005">
    <skipped/>
  </testcase> <!-- test6 -->
</testsuite> <!-- Test -->
