<?xml version="1.0" encoding="UTF-8"?>
<testng-results total="2" passed="2" failed="0" skipped="0">
  <reporter-output>
  </reporter-output>
  <suite started-at="2022-07-19T09:57:12Z" name="Default suite" finished-at="2022-07-19T09:57:12Z" duration-ms="63">
    <groups>
    </groups>
    <test started-at="2022-07-19T09:57:12Z" name="Default test" finished-at="2022-07-19T09:57:12Z" duration-ms="63">
      <class name="com.test.MavenPractice.mavenPractice1">
        <test-method signature="mavenPractice2Test()[pri:0, instance:com.test.MavenPractice.mavenPractice1@20f5281c]" started-at="2022-07-19T15:27:12Z" name="mavenPractice2Test" finished-at="2022-07-19T15:27:12Z" duration-ms="23" status="PASS">
          <reporter-output>
          </reporter-output>
        </test-method> <!-- mavenPractice2Test -->
        <test-method signature="mavenPracticeTest()[pri:0, instance:com.test.MavenPractice.mavenPractice1@20f5281c]" started-at="2022-07-19T15:27:12Z" name="mavenPracticeTest" finished-at="2022-07-19T15:27:12Z" duration-ms="6" status="PASS">
          <reporter-output>
          </reporter-output>
        </test-method> <!-- mavenPracticeTest -->
      </class> <!-- com.test.MavenPractice.mavenPractice1 -->
    </test> <!-- Default test -->
  </suite> <!-- Default suite -->
</testng-results>
