<?xml version="1.0" encoding="UTF-8"?>
<!-- Generated by org.testng.reporters.JUnitXMLReporter -->
<testsuite hostname="DESKTOP-A5JFSKS" failures="0" tests="4" name="Test1" time="0.113" errors="0" timestamp="18 Jul 2022 18:19:00 GMT">
  <testcase classname="com.test.MavenPractice.mavenPractice2" name="practiceTest" time="0.028"/>
  <testcase classname="com.test.MavenPractice.mavenPractice" name="practiceTest1" time="0.026"/>
  <testcase classname="com.test.MavenPractice.mavenPractice2" name="practiceTest2" time="0.004"/>
  <testcase classname="com.test.MavenPractice.mavenPractice" name="practiceTest2" time="0.022"/>
</testsuite> <!-- Test1 -->
